nohup: ignoring input
{"step": 1, "loss": 3.7549400329589844, "train_mean_reward": 0.6097690104166666, "eval_mean_reward": 0.5962990079365079}
{"step": 10, "loss": 2.854768991470337, "train_mean_reward": 0.5654863932291667, "eval_mean_reward": 0.5746570436507936}
{"step": 20, "loss": 2.2852208614349365, "train_mean_reward": 0.7239574869791664, "eval_mean_reward": 0.6593100198412699}
{"step": 30, "loss": 1.748551845550537, "train_mean_reward": 0.8224524088541665, "eval_mean_reward": 0.7235862103174604}
{"step": 40, "loss": 1.3311150074005127, "train_mean_reward": 0.8734272135416666, "eval_mean_reward": 0.7211228174603175}
{"step": 50, "loss": 0.976779580116272, "train_mean_reward": 0.9098445963541669, "eval_mean_reward": 0.7652823412698412}
{"step": 60, "loss": 0.8192644715309143, "train_mean_reward": 0.9403133463541667, "eval_mean_reward": 0.7963219246031746}
{"step": 70, "loss": 0.68690025806427, "train_mean_reward": 0.9489070963541668, "eval_mean_reward": 0.824670138888889}
{"step": 80, "loss": 0.6376350522041321, "train_mean_reward": 0.9560940104166669, "eval_mean_reward": 0.8336275793650795}
{"step": 90, "loss": 0.6761963963508606, "train_mean_reward": 0.9701565104166667, "eval_mean_reward": 0.8336275793650795}
{"step": 100, "loss": 0.5543505549430847, "train_mean_reward": 0.9646877604166668, "eval_mean_reward": 0.8336275793650795}
{"step": 110, "loss": 0.5661919713020325, "train_mean_reward": 0.9662502604166667, "eval_mean_reward": 0.8338647817460318}
{"step": 120, "loss": 0.5864296555519104, "train_mean_reward": 0.9717190104166666, "eval_mean_reward": 0.8421981150793653}
{"step": 130, "loss": 0.5432136058807373, "train_mean_reward": 0.9685940104166667, "eval_mean_reward": 0.8431513888888892}
{"step": 140, "loss": 0.5390243530273438, "train_mean_reward": 0.9693752604166667, "eval_mean_reward": 0.8433885912698416}
{"step": 150, "loss": 0.5561081767082214, "train_mean_reward": 0.9678127604166668, "eval_mean_reward": 0.8433885912698416}
{"step": 160, "loss": 0.5592058300971985, "train_mean_reward": 0.9701565104166667, "eval_mean_reward": 0.8433885912698416}
{"step": 170, "loss": 0.5382989645004272, "train_mean_reward": 0.9662502604166668, "eval_mean_reward": 0.8517219246031749}
{"step": 180, "loss": 0.5150967240333557, "train_mean_reward": 0.9717190104166666, "eval_mean_reward": 0.8517219246031749}
{"step": 190, "loss": 0.5113399028778076, "train_mean_reward": 0.9639065104166669, "eval_mean_reward": 0.8433885912698416}
{"step": 200, "loss": 0.5127338767051697, "train_mean_reward": 0.9693752604166667, "eval_mean_reward": 0.8517219246031749}
{"step": 210, "loss": 0.5322024822235107, "train_mean_reward": 0.9685940104166666, "eval_mean_reward": 0.8517219246031749}
{"step": 220, "loss": 0.5428825616836548, "train_mean_reward": 0.9701565104166666, "eval_mean_reward": 0.8517219246031749}
{"step": 230, "loss": 0.5240812301635742, "train_mean_reward": 0.9685940104166668, "eval_mean_reward": 0.8517219246031749}
{"step": 240, "loss": 0.52653568983078, "train_mean_reward": 0.9654690104166668, "eval_mean_reward": 0.8517219246031749}
{"step": 250, "loss": 0.48945602774620056, "train_mean_reward": 0.9678127604166668, "eval_mean_reward": 0.8620439484126986}
{"step": 260, "loss": 0.5108022093772888, "train_mean_reward": 0.9717190104166666, "eval_mean_reward": 0.8620439484126986}
{"step": 270, "loss": 0.5326873660087585, "train_mean_reward": 0.9685940104166667, "eval_mean_reward": 0.8620439484126986}
{"step": 280, "loss": 0.529212474822998, "train_mean_reward": 0.9678127604166668, "eval_mean_reward": 0.8620439484126986}
{"step": 290, "loss": 0.5281022787094116, "train_mean_reward": 0.9654690104166669, "eval_mean_reward": 0.8620439484126986}
{"step": 300, "loss": 0.5000982880592346, "train_mean_reward": 0.9732815104166667, "eval_mean_reward": 0.8620439484126986}
{"step": 310, "loss": 0.49404534697532654, "train_mean_reward": 0.9693752604166668, "eval_mean_reward": 0.8620439484126986}
{"step": 320, "loss": 0.5075672268867493, "train_mean_reward": 0.9678127604166668, "eval_mean_reward": 0.8620439484126986}
{"step": 330, "loss": 0.5345182418823242, "train_mean_reward": 0.9670315104166668, "eval_mean_reward": 0.8620439484126986}
{"step": 340, "loss": 0.4929948151111603, "train_mean_reward": 0.9639065104166669, "eval_mean_reward": 0.8620439484126986}
{"step": 350, "loss": 0.4902738630771637, "train_mean_reward": 0.9701565104166667, "eval_mean_reward": 0.8620439484126986}
{"step": 360, "loss": 0.5136134028434753, "train_mean_reward": 0.9709377604166667, "eval_mean_reward": 0.8620439484126986}
{"step": 370, "loss": 0.5055654048919678, "train_mean_reward": 0.9701565104166667, "eval_mean_reward": 0.8620439484126986}
{"step": 380, "loss": 0.48682329058647156, "train_mean_reward": 0.9725002604166667, "eval_mean_reward": 0.8620439484126986}
{"step": 390, "loss": 0.5408433675765991, "train_mean_reward": 0.9654690104166669, "eval_mean_reward": 0.8620439484126986}
{"step": 400, "loss": 0.5133500099182129, "train_mean_reward": 0.9646877604166668, "eval_mean_reward": 0.870377281746032}
{"step": 410, "loss": 0.5268282890319824, "train_mean_reward": 0.9693752604166667, "eval_mean_reward": 0.870377281746032}
{"step": 420, "loss": 0.5214313864707947, "train_mean_reward": 0.9654690104166669, "eval_mean_reward": 0.870377281746032}
{"step": 430, "loss": 0.5430496335029602, "train_mean_reward": 0.9725002604166667, "eval_mean_reward": 0.870377281746032}
{"step": 440, "loss": 0.5373333096504211, "train_mean_reward": 0.9678127604166668, "eval_mean_reward": 0.870377281746032}
{"step": 450, "loss": 0.479805588722229, "train_mean_reward": 0.9670315104166668, "eval_mean_reward": 0.870377281746032}
{"step": 460, "loss": 0.5017765760421753, "train_mean_reward": 0.963906510416667, "eval_mean_reward": 0.870377281746032}
{"step": 470, "loss": 0.5014653205871582, "train_mean_reward": 0.9662502604166668, "eval_mean_reward": 0.870377281746032}
{"step": 480, "loss": 0.49580156803131104, "train_mean_reward": 0.9701565104166667, "eval_mean_reward": 0.870377281746032}
{"step": 490, "loss": 0.5230468511581421, "train_mean_reward": 0.9678127604166666, "eval_mean_reward": 0.870377281746032}
{"step": 500, "loss": 0.5229536890983582, "train_mean_reward": 0.9701565104166667, "eval_mean_reward": 0.870377281746032}
{"step": 510, "loss": 0.4847787916660309, "train_mean_reward": 0.9685940104166668, "eval_mean_reward": 0.870377281746032}
{"step": 520, "loss": 0.5038530826568604, "train_mean_reward": 0.961562760416667, "eval_mean_reward": 0.870377281746032}
{"step": 530, "loss": 0.5255002975463867, "train_mean_reward": 0.9662502604166668, "eval_mean_reward": 0.870377281746032}
{"step": 540, "loss": 0.5227212309837341, "train_mean_reward": 0.9646877604166668, "eval_mean_reward": 0.870377281746032}
{"step": 550, "loss": 0.5097092986106873, "train_mean_reward": 0.9693752604166667, "eval_mean_reward": 0.870377281746032}
{"step": 560, "loss": 0.5259170532226562, "train_mean_reward": 0.9678127604166669, "eval_mean_reward": 0.8811055555555557}
{"step": 570, "loss": 0.4769900143146515, "train_mean_reward": 0.9693752604166668, "eval_mean_reward": 0.870377281746032}
{"step": 580, "loss": 0.49910566210746765, "train_mean_reward": 0.9685940104166667, "eval_mean_reward": 0.870377281746032}
{"step": 590, "loss": 0.5097727179527283, "train_mean_reward": 0.9670315104166668, "eval_mean_reward": 0.870377281746032}
{"step": 600, "loss": 0.48798274993896484, "train_mean_reward": 0.9670315104166668, "eval_mean_reward": 0.8811055555555557}
{"step": 610, "loss": 0.5200988054275513, "train_mean_reward": 0.9717190104166668, "eval_mean_reward": 0.8811055555555557}
{"step": 620, "loss": 0.4806599020957947, "train_mean_reward": 0.9685940104166667, "eval_mean_reward": 0.8811055555555557}
{"step": 630, "loss": 0.5201398730278015, "train_mean_reward": 0.9685940104166667, "eval_mean_reward": 0.870377281746032}
{"step": 640, "loss": 0.5160335898399353, "train_mean_reward": 0.9678127604166668, "eval_mean_reward": 0.8811055555555557}
{"step": 650, "loss": 0.5202769637107849, "train_mean_reward": 0.9670315104166668, "eval_mean_reward": 0.870377281746032}
{"step": 660, "loss": 0.5322794914245605, "train_mean_reward": 0.9646877604166668, "eval_mean_reward": 0.8811055555555557}
{"step": 670, "loss": 0.5413585305213928, "train_mean_reward": 0.9654690104166669, "eval_mean_reward": 0.8811055555555557}
{"step": 680, "loss": 0.49491947889328003, "train_mean_reward": 0.9693752604166668, "eval_mean_reward": 0.8811055555555557}
{"step": 690, "loss": 0.5496900677680969, "train_mean_reward": 0.9693752604166668, "eval_mean_reward": 0.8811055555555557}
{"step": 700, "loss": 0.49767085909843445, "train_mean_reward": 0.9670315104166668, "eval_mean_reward": 0.8811055555555557}
{"step": 710, "loss": 0.5121558308601379, "train_mean_reward": 0.9701565104166667, "eval_mean_reward": 0.8811055555555557}
{"step": 720, "loss": 0.4951593577861786, "train_mean_reward": 0.9732815104166667, "eval_mean_reward": 0.8811055555555557}
{"step": 730, "loss": 0.47948673367500305, "train_mean_reward": 0.9732815104166667, "eval_mean_reward": 0.8811055555555557}
{"step": 740, "loss": 0.48148709535598755, "train_mean_reward": 0.9725002604166667, "eval_mean_reward": 0.8811055555555557}
{"step": 750, "loss": 0.5141712427139282, "train_mean_reward": 0.9732815104166667, "eval_mean_reward": 0.8811055555555557}
{"step": 760, "loss": 0.49527090787887573, "train_mean_reward": 0.9701565104166668, "eval_mean_reward": 0.8811055555555557}
{"step": 770, "loss": 0.49510154128074646, "train_mean_reward": 0.9654690104166669, "eval_mean_reward": 0.8811055555555557}
{"step": 780, "loss": 0.5055850744247437, "train_mean_reward": 0.9717190104166668, "eval_mean_reward": 0.8811055555555557}
{"step": 790, "loss": 0.5107147693634033, "train_mean_reward": 0.9709377604166668, "eval_mean_reward": 0.8811055555555557}
{"step": 800, "loss": 0.48924750089645386, "train_mean_reward": 0.9732815104166668, "eval_mean_reward": 0.8811055555555557}
{"step": 810, "loss": 0.5160470008850098, "train_mean_reward": 0.9740627604166666, "eval_mean_reward": 0.8811055555555557}
{"step": 820, "loss": 0.4482274055480957, "train_mean_reward": 0.9740627604166666, "eval_mean_reward": 0.8811055555555557}
{"step": 830, "loss": 0.47278061509132385, "train_mean_reward": 0.9725002604166666, "eval_mean_reward": 0.8811055555555557}
{"step": 840, "loss": 0.5026796460151672, "train_mean_reward": 0.9725002604166667, "eval_mean_reward": 0.8811055555555557}
{"step": 850, "loss": 0.5002144575119019, "train_mean_reward": 0.9646877604166669, "eval_mean_reward": 0.8811055555555557}
{"step": 860, "loss": 0.49733853340148926, "train_mean_reward": 0.9685940104166668, "eval_mean_reward": 0.8811055555555557}
{"step": 870, "loss": 0.5354319214820862, "train_mean_reward": 0.9701565104166667, "eval_mean_reward": 0.8811055555555557}
{"step": 880, "loss": 0.5193923711776733, "train_mean_reward": 0.9685940104166667, "eval_mean_reward": 0.8811055555555557}
{"step": 890, "loss": 0.49455493688583374, "train_mean_reward": 0.9662502604166667, "eval_mean_reward": 0.8811055555555557}
{"step": 900, "loss": 0.5108294486999512, "train_mean_reward": 0.9709377604166666, "eval_mean_reward": 0.8811055555555557}
{"step": 910, "loss": 0.5082361698150635, "train_mean_reward": 0.9670315104166668, "eval_mean_reward": 0.8811055555555557}
{"step": 920, "loss": 0.47882261872291565, "train_mean_reward": 0.9639065104166669, "eval_mean_reward": 0.8811055555555557}
{"step": 930, "loss": 0.547204315662384, "train_mean_reward": 0.9654690104166669, "eval_mean_reward": 0.8811055555555557}
{"step": 940, "loss": 0.512274444103241, "train_mean_reward": 0.9685940104166669, "eval_mean_reward": 0.8894388888888891}
{"step": 950, "loss": 0.545059859752655, "train_mean_reward": 0.9662502604166668, "eval_mean_reward": 0.8811055555555557}
{"step": 960, "loss": 0.5204349756240845, "train_mean_reward": 0.9670315104166668, "eval_mean_reward": 0.8811055555555557}
{"step": 970, "loss": 0.516640305519104, "train_mean_reward": 0.9701565104166667, "eval_mean_reward": 0.8894388888888891}
{"step": 980, "loss": 0.5089445114135742, "train_mean_reward": 0.9693752604166668, "eval_mean_reward": 0.8811055555555557}
{"step": 990, "loss": 0.5092558264732361, "train_mean_reward": 0.9654690104166669, "eval_mean_reward": 0.8894388888888891}
{"step": 1000, "loss": 0.5116757154464722, "train_mean_reward": 0.9685940104166668, "eval_mean_reward": 0.8811055555555557}
{"step": 1010, "loss": 0.5117397904396057, "train_mean_reward": 0.9693752604166667, "eval_mean_reward": 0.8811055555555557}
{"step": 1020, "loss": 0.501275360584259, "train_mean_reward": 0.9654690104166668, "eval_mean_reward": 0.8811055555555557}
{"step": 1030, "loss": 0.4736174941062927, "train_mean_reward": 0.9678127604166668, "eval_mean_reward": 0.8811055555555557}
{"step": 1040, "loss": 0.5165217518806458, "train_mean_reward": 0.9693752604166667, "eval_mean_reward": 0.8811055555555557}
{"step": 1050, "loss": 0.478993684053421, "train_mean_reward": 0.9685940104166667, "eval_mean_reward": 0.8811055555555557}
{"step": 1060, "loss": 0.48423895239830017, "train_mean_reward": 0.9631252604166669, "eval_mean_reward": 0.8811055555555557}
{"step": 1070, "loss": 0.48658180236816406, "train_mean_reward": 0.9709377604166668, "eval_mean_reward": 0.8811055555555557}
{"step": 1080, "loss": 0.5325372219085693, "train_mean_reward": 0.9693752604166669, "eval_mean_reward": 0.8811055555555557}
{"step": 1090, "loss": 0.4971497654914856, "train_mean_reward": 0.9654690104166668, "eval_mean_reward": 0.8811055555555557}
{"step": 1100, "loss": 0.4835800230503082, "train_mean_reward": 0.9639065104166669, "eval_mean_reward": 0.8811055555555557}
{"step": 1110, "loss": 0.5051030516624451, "train_mean_reward": 0.9646877604166668, "eval_mean_reward": 0.8811055555555557}
{"step": 1120, "loss": 0.5024073719978333, "train_mean_reward": 0.9662502604166668, "eval_mean_reward": 0.8811055555555557}
{"step": 1130, "loss": 0.5214462876319885, "train_mean_reward": 0.9685940104166667, "eval_mean_reward": 0.8811055555555557}
{"step": 1140, "loss": 0.5156835317611694, "train_mean_reward": 0.9639065104166669, "eval_mean_reward": 0.8811055555555557}
{"step": 1150, "loss": 0.4886142909526825, "train_mean_reward": 0.962344010416667, "eval_mean_reward": 0.8811055555555557}
{"step": 1160, "loss": 0.5048571825027466, "train_mean_reward": 0.9685940104166667, "eval_mean_reward": 0.8811055555555557}
{"step": 1170, "loss": 0.5103340148925781, "train_mean_reward": 0.9732815104166666, "eval_mean_reward": 0.8811055555555557}
{"step": 1180, "loss": 0.48042988777160645, "train_mean_reward": 0.9662502604166668, "eval_mean_reward": 0.8811055555555557}
{"step": 1190, "loss": 0.5104215741157532, "train_mean_reward": 0.9709377604166667, "eval_mean_reward": 0.8894388888888891}
{"step": 1200, "loss": 0.5163049697875977, "train_mean_reward": 0.9654690104166668, "eval_mean_reward": 0.8811055555555557}
{"step": 1210, "loss": 0.5084899067878723, "train_mean_reward": 0.9693752604166668, "eval_mean_reward": 0.8811055555555557}
{"step": 1220, "loss": 0.486523300409317, "train_mean_reward": 0.9725002604166667, "eval_mean_reward": 0.8811055555555557}
{"step": 1230, "loss": 0.4946320950984955, "train_mean_reward": 0.9709377604166668, "eval_mean_reward": 0.8811055555555557}
{"step": 1240, "loss": 0.4889072775840759, "train_mean_reward": 0.9693752604166668, "eval_mean_reward": 0.8894388888888891}
{"step": 1250, "loss": 0.5195333361625671, "train_mean_reward": 0.9709377604166668, "eval_mean_reward": 0.8811055555555557}
{"step": 1260, "loss": 0.5164539813995361, "train_mean_reward": 0.9732815104166667, "eval_mean_reward": 0.8894388888888891}
{"step": 1270, "loss": 0.5082618594169617, "train_mean_reward": 0.9678127604166668, "eval_mean_reward": 0.8811055555555557}
{"step": 1280, "loss": 0.48936977982521057, "train_mean_reward": 0.9662502604166667, "eval_mean_reward": 0.8894388888888891}
{"step": 1290, "loss": 0.5105229616165161, "train_mean_reward": 0.9678127604166669, "eval_mean_reward": 0.8811055555555557}
{"step": 1300, "loss": 0.4807436764240265, "train_mean_reward": 0.9685940104166667, "eval_mean_reward": 0.8894388888888891}
{"step": 1310, "loss": 0.5000576376914978, "train_mean_reward": 0.9740627604166666, "eval_mean_reward": 0.8811055555555557}
{"step": 1320, "loss": 0.5028715133666992, "train_mean_reward": 0.9670315104166669, "eval_mean_reward": 0.8894388888888891}
{"step": 1330, "loss": 0.5253971815109253, "train_mean_reward": 0.9646877604166669, "eval_mean_reward": 0.8894388888888891}
{"step": 1340, "loss": 0.5201947689056396, "train_mean_reward": 0.9678127604166668, "eval_mean_reward": 0.8811055555555557}
{"step": 1350, "loss": 0.5311838984489441, "train_mean_reward": 0.9654690104166668, "eval_mean_reward": 0.8894388888888891}
{"step": 1360, "loss": 0.5051243305206299, "train_mean_reward": 0.9709377604166668, "eval_mean_reward": 0.8894388888888891}
{"step": 1370, "loss": 0.5181297659873962, "train_mean_reward": 0.9717190104166666, "eval_mean_reward": 0.8894388888888891}
{"step": 1380, "loss": 0.4908037781715393, "train_mean_reward": 0.9654690104166668, "eval_mean_reward": 0.8894388888888891}
{"step": 1390, "loss": 0.511384904384613, "train_mean_reward": 0.9678127604166668, "eval_mean_reward": 0.8894388888888891}
{"step": 1400, "loss": 0.49611130356788635, "train_mean_reward": 0.9678127604166668, "eval_mean_reward": 0.8811055555555557}
{"step": 1410, "loss": 0.5000965595245361, "train_mean_reward": 0.9670315104166668, "eval_mean_reward": 0.8977722222222223}
{"step": 1420, "loss": 0.5235499143600464, "train_mean_reward": 0.9693752604166668, "eval_mean_reward": 0.8906293650793652}
{"step": 1430, "loss": 0.5087037086486816, "train_mean_reward": 0.9693752604166668, "eval_mean_reward": 0.8894388888888891}
{"step": 1440, "loss": 0.4897244870662689, "train_mean_reward": 0.9654690104166669, "eval_mean_reward": 0.8894388888888891}
{"step": 1450, "loss": 0.5272380709648132, "train_mean_reward": 0.9662502604166668, "eval_mean_reward": 0.8894388888888891}
{"step": 1460, "loss": 0.5438210964202881, "train_mean_reward": 0.9756252604166666, "eval_mean_reward": 0.8894388888888891}
{"step": 1470, "loss": 0.4945930540561676, "train_mean_reward": 0.9725002604166667, "eval_mean_reward": 0.8894388888888891}
{"step": 1480, "loss": 0.49693185091018677, "train_mean_reward": 0.9678127604166668, "eval_mean_reward": 0.8894388888888891}
{"step": 1490, "loss": 0.4696289300918579, "train_mean_reward": 0.9670315104166668, "eval_mean_reward": 0.8977722222222223}
{"step": 1500, "loss": 0.5077001452445984, "train_mean_reward": 0.9701565104166667, "eval_mean_reward": 0.8977722222222223}
{"step": 1510, "loss": 0.4968828558921814, "train_mean_reward": 0.9725002604166667, "eval_mean_reward": 0.8977722222222223}
{"step": 1520, "loss": 0.46686041355133057, "train_mean_reward": 0.9685940104166668, "eval_mean_reward": 0.8894388888888891}
{"step": 1530, "loss": 0.4856908917427063, "train_mean_reward": 0.963906510416667, "eval_mean_reward": 0.8977722222222223}
{"step": 1540, "loss": 0.5018717646598816, "train_mean_reward": 0.963125260416667, "eval_mean_reward": 0.8894388888888891}
{"step": 1550, "loss": 0.5263848900794983, "train_mean_reward": 0.9701565104166667, "eval_mean_reward": 0.8894388888888891}
{"step": 1560, "loss": 0.520879328250885, "train_mean_reward": 0.9693752604166667, "eval_mean_reward": 0.8977722222222223}
{"step": 1570, "loss": 0.5261375904083252, "train_mean_reward": 0.9701565104166668, "eval_mean_reward": 0.8894388888888891}
{"step": 1580, "loss": 0.47461608052253723, "train_mean_reward": 0.9717190104166666, "eval_mean_reward": 0.8977722222222223}
{"step": 1590, "loss": 0.5234913229942322, "train_mean_reward": 0.9725002604166668, "eval_mean_reward": 0.8977722222222223}
{"step": 1600, "loss": 0.4746876060962677, "train_mean_reward": 0.9685940104166667, "eval_mean_reward": 0.8977722222222223}
{"step": 1610, "loss": 0.48818063735961914, "train_mean_reward": 0.9678127604166669, "eval_mean_reward": 0.8977722222222223}
{"step": 1620, "loss": 0.4881138801574707, "train_mean_reward": 0.9670315104166668, "eval_mean_reward": 0.8977722222222223}
{"step": 1630, "loss": 0.5478376746177673, "train_mean_reward": 0.9639065104166669, "eval_mean_reward": 0.8977722222222223}
{"step": 1640, "loss": 0.4881720244884491, "train_mean_reward": 0.9662502604166667, "eval_mean_reward": 0.8977722222222223}
{"step": 1650, "loss": 0.49088484048843384, "train_mean_reward": 0.9678127604166669, "eval_mean_reward": 0.8977722222222223}
{"step": 1660, "loss": 0.49073854088783264, "train_mean_reward": 0.9701565104166666, "eval_mean_reward": 0.8977722222222223}
{"step": 1670, "loss": 0.504345178604126, "train_mean_reward": 0.9709377604166666, "eval_mean_reward": 0.8977722222222223}
{"step": 1680, "loss": 0.5178725719451904, "train_mean_reward": 0.9678127604166669, "eval_mean_reward": 0.8977722222222223}
{"step": 1690, "loss": 0.49615979194641113, "train_mean_reward": 0.9685940104166667, "eval_mean_reward": 0.8977722222222223}
{"step": 1700, "loss": 0.4988568425178528, "train_mean_reward": 0.9725002604166667, "eval_mean_reward": 0.8977722222222223}
{"step": 1710, "loss": 0.531364917755127, "train_mean_reward": 0.9670315104166669, "eval_mean_reward": 0.8977722222222223}
{"step": 1720, "loss": 0.5177811980247498, "train_mean_reward": 0.9678127604166669, "eval_mean_reward": 0.8977722222222223}
{"step": 1730, "loss": 0.5096431374549866, "train_mean_reward": 0.9717190104166666, "eval_mean_reward": 0.8977722222222223}
{"step": 1740, "loss": 0.5231773853302002, "train_mean_reward": 0.9709377604166667, "eval_mean_reward": 0.8977722222222223}
{"step": 1750, "loss": 0.5258955359458923, "train_mean_reward": 0.9685940104166668, "eval_mean_reward": 0.8977722222222223}
{"step": 1760, "loss": 0.501509964466095, "train_mean_reward": 0.9685940104166668, "eval_mean_reward": 0.8977722222222223}
{"step": 1770, "loss": 0.5258532166481018, "train_mean_reward": 0.9670315104166669, "eval_mean_reward": 0.8977722222222223}
{"step": 1780, "loss": 0.5042179226875305, "train_mean_reward": 0.9709377604166666, "eval_mean_reward": 0.8977722222222223}
{"step": 1790, "loss": 0.5096176266670227, "train_mean_reward": 0.9740627604166666, "eval_mean_reward": 0.8977722222222223}
{"step": 1800, "loss": 0.525890588760376, "train_mean_reward": 0.9685940104166668, "eval_mean_reward": 0.8977722222222223}
{"step": 1810, "loss": 0.5123026967048645, "train_mean_reward": 0.9740627604166666, "eval_mean_reward": 0.8977722222222223}
{"step": 1820, "loss": 0.5041571259498596, "train_mean_reward": 0.9740627604166667, "eval_mean_reward": 0.8977722222222223}
{"step": 1830, "loss": 0.5177150368690491, "train_mean_reward": 0.9748440104166667, "eval_mean_reward": 0.8977722222222223}
{"step": 1840, "loss": 0.5069490075111389, "train_mean_reward": 0.9756252604166666, "eval_mean_reward": 0.8977722222222223}
{"step": 1850, "loss": 0.506897509098053, "train_mean_reward": 0.9717190104166666, "eval_mean_reward": 0.8977722222222223}
{"step": 1860, "loss": 0.5285983085632324, "train_mean_reward": 0.9701565104166667, "eval_mean_reward": 0.8977722222222223}
{"step": 1870, "loss": 0.5178181529045105, "train_mean_reward": 0.9709377604166667, "eval_mean_reward": 0.8977722222222223}
{"step": 1880, "loss": 0.4882594048976898, "train_mean_reward": 0.9725002604166667, "eval_mean_reward": 0.8977722222222223}
{"step": 1890, "loss": 0.4556393027305603, "train_mean_reward": 0.9709377604166668, "eval_mean_reward": 0.8977722222222223}
{"step": 1900, "loss": 0.5235102772712708, "train_mean_reward": 0.9693752604166667, "eval_mean_reward": 0.8977722222222223}
{"step": 1910, "loss": 0.5209798812866211, "train_mean_reward": 0.965469010416667, "eval_mean_reward": 0.8977722222222223}
{"step": 1920, "loss": 0.5020807981491089, "train_mean_reward": 0.9654690104166669, "eval_mean_reward": 0.8977722222222223}
{"step": 1930, "loss": 0.5181555151939392, "train_mean_reward": 0.9693752604166668, "eval_mean_reward": 0.8977722222222223}
{"step": 1940, "loss": 0.49901047348976135, "train_mean_reward": 0.9678127604166668, "eval_mean_reward": 0.8977722222222223}
{"step": 1950, "loss": 0.5326454043388367, "train_mean_reward": 0.9670315104166668, "eval_mean_reward": 0.8977722222222223}
{"step": 1960, "loss": 0.5076662302017212, "train_mean_reward": 0.9662502604166668, "eval_mean_reward": 0.8977722222222223}
{"step": 1970, "loss": 0.5025016069412231, "train_mean_reward": 0.9693752604166668, "eval_mean_reward": 0.9061055555555557}
{"step": 1980, "loss": 0.5242515206336975, "train_mean_reward": 0.9748440104166666, "eval_mean_reward": 0.8977722222222223}
{"step": 1990, "loss": 0.502483069896698, "train_mean_reward": 0.9678127604166668, "eval_mean_reward": 0.8977722222222223}
{"step": 2000, "loss": 0.5246036648750305, "train_mean_reward": 0.9725002604166667, "eval_mean_reward": 0.8989626984126986}
{"step": 2010, "loss": 0.49725914001464844, "train_mean_reward": 0.9670315104166667, "eval_mean_reward": 0.8977722222222223}
{"step": 2020, "loss": 0.5331791043281555, "train_mean_reward": 0.9631252604166669, "eval_mean_reward": 0.8977722222222223}
{"step": 2030, "loss": 0.47442060708999634, "train_mean_reward": 0.9646877604166669, "eval_mean_reward": 0.8977722222222223}
{"step": 2040, "loss": 0.5192790627479553, "train_mean_reward": 0.9717190104166666, "eval_mean_reward": 0.8977722222222223}
{"step": 2050, "loss": 0.492135614156723, "train_mean_reward": 0.9670315104166668, "eval_mean_reward": 0.8977722222222223}
{"step": 2060, "loss": 0.5304624438285828, "train_mean_reward": 0.9670315104166668, "eval_mean_reward": 0.8977722222222223}
{"step": 2070, "loss": 0.5602712631225586, "train_mean_reward": 0.966250260416667, "eval_mean_reward": 0.8977722222222223}
{"step": 2080, "loss": 0.508266031742096, "train_mean_reward": 0.9685940104166667, "eval_mean_reward": 0.8989626984126986}
{"step": 2090, "loss": 0.4943632483482361, "train_mean_reward": 0.9732815104166668, "eval_mean_reward": 0.8989626984126986}
{"step": 2100, "loss": 0.4998933970928192, "train_mean_reward": 0.9709377604166668, "eval_mean_reward": 0.8977722222222223}
{"step": 2110, "loss": 0.4993914067745209, "train_mean_reward": 0.9670315104166668, "eval_mean_reward": 0.8989626984126986}
{"step": 2120, "loss": 0.5021381974220276, "train_mean_reward": 0.9693752604166668, "eval_mean_reward": 0.8989626984126986}
{"step": 2130, "loss": 0.5184056758880615, "train_mean_reward": 0.9709377604166667, "eval_mean_reward": 0.8989626984126986}
{"step": 2140, "loss": 0.507962167263031, "train_mean_reward": 0.9732815104166667, "eval_mean_reward": 0.8989626984126986}
{"step": 2150, "loss": 0.504450798034668, "train_mean_reward": 0.9654690104166669, "eval_mean_reward": 0.8989626984126986}
{"step": 2160, "loss": 0.49908676743507385, "train_mean_reward": 0.9693752604166668, "eval_mean_reward": 0.8989626984126986}
{"step": 2170, "loss": 0.49909883737564087, "train_mean_reward": 0.9662502604166668, "eval_mean_reward": 0.8977722222222223}
{"step": 2180, "loss": 0.5125466585159302, "train_mean_reward": 0.9678127604166669, "eval_mean_reward": 0.8989626984126986}
{"step": 2190, "loss": 0.5071992874145508, "train_mean_reward": 0.9646877604166669, "eval_mean_reward": 0.8977722222222223}
{"step": 2200, "loss": 0.48279765248298645, "train_mean_reward": 0.9662502604166667, "eval_mean_reward": 0.8989626984126986}
{"step": 2210, "loss": 0.47998669743537903, "train_mean_reward": 0.9639065104166669, "eval_mean_reward": 0.8989626984126986}
{"step": 2220, "loss": 0.4746719300746918, "train_mean_reward": 0.9646877604166668, "eval_mean_reward": 0.8977722222222223}
{"step": 2230, "loss": 0.49095356464385986, "train_mean_reward": 0.963906510416667, "eval_mean_reward": 0.8989626984126986}
{"step": 2240, "loss": 0.4800255596637726, "train_mean_reward": 0.9678127604166669, "eval_mean_reward": 0.8989626984126986}
{"step": 2250, "loss": 0.5123313665390015, "train_mean_reward": 0.9678127604166668, "eval_mean_reward": 0.8989626984126986}
{"step": 2260, "loss": 0.5259388089179993, "train_mean_reward": 0.9701565104166667, "eval_mean_reward": 0.8977722222222223}
{"step": 2270, "loss": 0.5127442479133606, "train_mean_reward": 0.9701565104166667, "eval_mean_reward": 0.8989626984126986}
{"step": 2280, "loss": 0.5073474049568176, "train_mean_reward": 0.9654690104166669, "eval_mean_reward": 0.8977722222222223}
{"step": 2290, "loss": 0.49095097184181213, "train_mean_reward": 0.9646877604166669, "eval_mean_reward": 0.8977722222222223}
{"step": 2300, "loss": 0.5097883939743042, "train_mean_reward": 0.9654690104166668, "eval_mean_reward": 0.8989626984126986}
{"step": 2310, "loss": 0.4881720542907715, "train_mean_reward": 0.9693752604166667, "eval_mean_reward": 0.8989626984126986}
{"step": 2320, "loss": 0.5152175426483154, "train_mean_reward": 0.9646877604166668, "eval_mean_reward": 0.9061055555555557}
{"step": 2330, "loss": 0.5154252648353577, "train_mean_reward": 0.9662502604166668, "eval_mean_reward": 0.8989626984126986}
{"step": 2340, "loss": 0.496621698141098, "train_mean_reward": 0.9717190104166668, "eval_mean_reward": 0.8989626984126986}
{"step": 2350, "loss": 0.48324811458587646, "train_mean_reward": 0.9670315104166667, "eval_mean_reward": 0.8977722222222223}
{"step": 2360, "loss": 0.5099682807922363, "train_mean_reward": 0.9693752604166669, "eval_mean_reward": 0.8989626984126986}
{"step": 2370, "loss": 0.4936888813972473, "train_mean_reward": 0.9662502604166668, "eval_mean_reward": 0.8977722222222223}
{"step": 2380, "loss": 0.4884744882583618, "train_mean_reward": 0.9670315104166668, "eval_mean_reward": 0.8977722222222223}
{"step": 2390, "loss": 0.5211113095283508, "train_mean_reward": 0.9701565104166668, "eval_mean_reward": 0.8989626984126986}
{"step": 2400, "loss": 0.5372369289398193, "train_mean_reward": 0.9701565104166667, "eval_mean_reward": 0.8989626984126986}
{"step": 2410, "loss": 0.5019899606704712, "train_mean_reward": 0.9709377604166667, "eval_mean_reward": 0.8989626984126986}
{"step": 2420, "loss": 0.5020778775215149, "train_mean_reward": 0.9693752604166668, "eval_mean_reward": 0.8989626984126986}
{"step": 2430, "loss": 0.5152164697647095, "train_mean_reward": 0.9662502604166668, "eval_mean_reward": 0.9072960317460319}
{"step": 2440, "loss": 0.4963107109069824, "train_mean_reward": 0.9678127604166668, "eval_mean_reward": 0.9072960317460319}
{"step": 2450, "loss": 0.49892306327819824, "train_mean_reward": 0.9709377604166668, "eval_mean_reward": 0.8989626984126986}
{"step": 2460, "loss": 0.5096355676651001, "train_mean_reward": 0.9725002604166667, "eval_mean_reward": 0.8989626984126986}
{"step": 2470, "loss": 0.5206419229507446, "train_mean_reward": 0.9709377604166667, "eval_mean_reward": 0.8989626984126986}
{"step": 2480, "loss": 0.47438085079193115, "train_mean_reward": 0.9693752604166668, "eval_mean_reward": 0.8989626984126986}
{"step": 2490, "loss": 0.4878808259963989, "train_mean_reward": 0.9678127604166669, "eval_mean_reward": 0.8989626984126986}
{"step": 2500, "loss": 0.5175964832305908, "train_mean_reward": 0.9678127604166668, "eval_mean_reward": 0.9072960317460319}
{
  "baseline_mean": 0.56263501984127,
  "trained_mean": 0.9072960317460319,
  "duration_sec": 321.8059628009796
}
